Library/Bee/Android/Prj/IL2CPP/Gradle/launcher/build/intermediates/manifest_merge_blame_file/release/manifest-merger-blame-release-report.txt
1<?xml version="1.0" encoding="utf-8"?>
2<manifest xmlns:android="http://schemas.android.com/apk/res/android"
3    package="com.DefaultCompany.VRTest1"
4    android:installLocation="auto"
5    android:versionCode="1"
6    android:versionName="0.1" >
7
8    <uses-sdk
9        android:minSdkVersion="29"
9-->src\main\AndroidManifest.xml
10        android:targetSdkVersion="30" />
10-->src\main\AndroidManifest.xml
11
12    <supports-screens
12-->src\main\AndroidManifest.xml:3:3-163
13        android:anyDensity="true"
13-->src\main\AndroidManifest.xml:3:135-160
14        android:largeScreens="true"
14-->src\main\AndroidManifest.xml:3:78-105
15        android:normalScreens="true"
15-->src\main\AndroidManifest.xml:3:49-77
16        android:smallScreens="true"
16-->src\main\AndroidManifest.xml:3:21-48
17        android:xlargeScreens="true" />
17-->src\main\AndroidManifest.xml:3:106-134
18
19    <uses-feature android:glEsVersion="0x00030000" />
19-->[:unityLibrary] AndroidManifest.xml:13:5-54
19-->[:unityLibrary] AndroidManifest.xml:13:19-51
20    <uses-feature
20-->[:unityLibrary] AndroidManifest.xml:14:5-16:36
21        android:name="android.hardware.vulkan.version"
21-->[:unityLibrary] AndroidManifest.xml:15:9-55
22        android:required="false" />
22-->[:unityLibrary] AndroidManifest.xml:16:9-33
23
24    <supports-gl-texture android:name="GL_KHR_texture_compression_astc_ldr" />
24-->[:unityLibrary] AndroidManifest.xml:18:5-79
24-->[:unityLibrary] AndroidManifest.xml:18:26-76
25
26    <uses-permission android:name="android.permission.INTERNET" />
26-->[:unityLibrary] AndroidManifest.xml:20:5-67
26-->[:unityLibrary] AndroidManifest.xml:20:22-64
27
28    <uses-feature
28-->[:unityLibrary] AndroidManifest.xml:22:5-24:36
29        android:name="android.hardware.touchscreen"
29-->[:unityLibrary] AndroidManifest.xml:23:9-52
30        android:required="false" />
30-->[:unityLibrary] AndroidManifest.xml:24:9-33
31    <uses-feature
31-->[:unityLibrary] AndroidManifest.xml:25:5-27:36
32        android:name="android.hardware.touchscreen.multitouch"
32-->[:unityLibrary] AndroidManifest.xml:26:9-63
33        android:required="false" />
33-->[:unityLibrary] AndroidManifest.xml:27:9-33
34    <uses-feature
34-->[:unityLibrary] AndroidManifest.xml:28:5-30:36
35        android:name="android.hardware.touchscreen.multitouch.distinct"
35-->[:unityLibrary] AndroidManifest.xml:29:9-72
36        android:required="false" />
36-->[:unityLibrary] AndroidManifest.xml:30:9-33
37    <uses-feature
37-->[:unityLibrary] AndroidManifest.xml:31:5-34:31
38        android:name="android.hardware.vr.headtracking"
38-->[:unityLibrary] AndroidManifest.xml:32:9-56
39        android:required="true"
39-->[:unityLibrary] AndroidManifest.xml:33:9-32
40        android:version="1" />
40-->[:unityLibrary] AndroidManifest.xml:34:9-28
41
42    <application
42-->src\main\AndroidManifest.xml:4:3-83
43        android:extractNativeLibs="true"
43-->[:unityLibrary] AndroidManifest.xml:36:18-50
44        android:icon="@mipmap/app_icon"
44-->src\main\AndroidManifest.xml:4:49-80
45        android:label="@string/app_name" >
45-->src\main\AndroidManifest.xml:4:16-48
46        <activity
46-->[:unityLibrary] AndroidManifest.xml:37:9-61:20
47            android:name="com.unity3d.player.UnityPlayerActivity"
47-->[:unityLibrary] AndroidManifest.xml:38:13-66
48            android:configChanges="keyboard|keyboardHidden|navigation|orientation|screenLayout|screenSize|uiMode|density"
48-->[:unityLibrary] AndroidManifest.xml:39:13-122
49            android:hardwareAccelerated="false"
49-->[:unityLibrary] AndroidManifest.xml:40:13-48
50            android:launchMode="singleTask"
50-->[:unityLibrary] AndroidManifest.xml:41:13-44
51            android:resizeableActivity="false"
51-->[:unityLibrary] AndroidManifest.xml:42:13-47
52            android:screenOrientation="landscape"
52-->[:unityLibrary] AndroidManifest.xml:43:13-50
53            android:theme="@android:style/Theme.Black.NoTitleBar.Fullscreen" >
53-->[:unityLibrary] AndroidManifest.xml:44:13-77
54            <intent-filter>
54-->[:unityLibrary] AndroidManifest.xml:45:13-50:29
55                <action android:name="android.intent.action.MAIN" />
55-->[:unityLibrary] AndroidManifest.xml:46:17-69
55-->[:unityLibrary] AndroidManifest.xml:46:25-66
56
57                <category android:name="android.intent.category.LAUNCHER" />
57-->[:unityLibrary] AndroidManifest.xml:48:17-77
57-->[:unityLibrary] AndroidManifest.xml:48:27-74
58                <category android:name="com.oculus.intent.category.VR" />
58-->[:unityLibrary] AndroidManifest.xml:49:17-74
58-->[:unityLibrary] AndroidManifest.xml:49:27-71
59            </intent-filter>
60
61            <meta-data
61-->[:unityLibrary] AndroidManifest.xml:52:13-54:40
62                android:name="unityplayer.UnityActivity"
62-->[:unityLibrary] AndroidManifest.xml:53:17-57
63                android:value="true" />
63-->[:unityLibrary] AndroidManifest.xml:54:17-37
64            <meta-data
64-->[:unityLibrary] AndroidManifest.xml:55:13-57:40
65                android:name="android.notch_support"
65-->[:unityLibrary] AndroidManifest.xml:56:17-53
66                android:value="true" />
66-->[:unityLibrary] AndroidManifest.xml:57:17-37
67            <meta-data
67-->[:unityLibrary] AndroidManifest.xml:58:13-60:40
68                android:name="com.oculus.vr.focusaware"
68-->[:unityLibrary] AndroidManifest.xml:59:17-56
69                android:value="true" />
69-->[:unityLibrary] AndroidManifest.xml:60:17-37
70        </activity>
71
72        <meta-data
72-->[:unityLibrary] AndroidManifest.xml:63:9-65:33
73            android:name="unity.splash-mode"
73-->[:unityLibrary] AndroidManifest.xml:64:13-45
74            android:value="0" />
74-->[:unityLibrary] AndroidManifest.xml:65:13-30
75        <meta-data
75-->[:unityLibrary] AndroidManifest.xml:66:9-68:36
76            android:name="unity.splash-enable"
76-->[:unityLibrary] AndroidManifest.xml:67:13-47
77            android:value="True" />
77-->[:unityLibrary] AndroidManifest.xml:68:13-33
78        <meta-data
78-->[:unityLibrary] AndroidManifest.xml:69:9-71:36
79            android:name="unity.launch-fullscreen"
79-->[:unityLibrary] AndroidManifest.xml:70:13-51
80            android:value="True" />
80-->[:unityLibrary] AndroidManifest.xml:71:13-33
81        <meta-data
81-->[:unityLibrary] AndroidManifest.xml:72:9-74:37
82            android:name="unity.allow-resizable-window"
82-->[:unityLibrary] AndroidManifest.xml:73:13-56
83            android:value="False" />
83-->[:unityLibrary] AndroidManifest.xml:74:13-34
84        <meta-data
84-->[:unityLibrary] AndroidManifest.xml:75:9-77:50
85            android:name="notch.config"
85-->[:unityLibrary] AndroidManifest.xml:76:13-40
86            android:value="portrait|landscape" />
86-->[:unityLibrary] AndroidManifest.xml:77:13-47
87        <meta-data
87-->[:unityLibrary] AndroidManifest.xml:78:9-80:36
88            android:name="unity.auto-report-fully-drawn"
88-->[:unityLibrary] AndroidManifest.xml:79:13-57
89            android:value="true" />
89-->[:unityLibrary] AndroidManifest.xml:80:13-33
90        <meta-data
90-->[:unityLibrary] AndroidManifest.xml:81:9-83:39
91            android:name="com.samsung.android.vr.application.mode"
91-->[:unityLibrary] AndroidManifest.xml:82:13-67
92            android:value="vr_only" />
92-->[:unityLibrary] AndroidManifest.xml:83:13-36
93        <meta-data
93-->[:unityLibrary] AndroidManifest.xml:84:9-86:37
94            android:name="com.unity.xr.oculus.LowOverheadMode"
94-->[:unityLibrary] AndroidManifest.xml:85:13-63
95            android:value="false" />
95-->[:unityLibrary] AndroidManifest.xml:86:13-34
96        <meta-data
96-->[:unityLibrary] AndroidManifest.xml:87:9-89:37
97            android:name="com.unity.xr.oculus.LateLatching"
97-->[:unityLibrary] AndroidManifest.xml:88:13-60
98            android:value="false" />
98-->[:unityLibrary] AndroidManifest.xml:89:13-34
99        <meta-data
99-->[:unityLibrary] AndroidManifest.xml:90:9-92:37
100            android:name="com.unity.xr.oculus.LateLatchingDebug"
100-->[:unityLibrary] AndroidManifest.xml:91:13-65
101            android:value="false" />
101-->[:unityLibrary] AndroidManifest.xml:92:13-34
102        <meta-data
102-->[:unityLibrary] AndroidManifest.xml:93:9-95:44
103            android:name="com.oculus.supportedDevices"
103-->[:unityLibrary] AndroidManifest.xml:94:13-55
104            android:value="quest|quest2" />
104-->[:unityLibrary] AndroidManifest.xml:95:13-41
105    </application>
106
107</manifest>